====TESTING ADVENTURER(contains bug, nievesR)====
Tests passed: 0. Tests failed: 5000
====END TESTING ADVENTURER====

Function 'playcouncil_room'
Lines executed:100.00% of 11

Function 'playAdventurer'
Lines executed:100.00% of 18

Function 'playgreat_hall'
Lines executed:0.00% of 6

Function 'playVillage'
Lines executed:100.00% of 6

Function 'playSmithy'
Lines executed:100.00% of 7

Function 'updateCoins'
Lines executed:100.00% of 11

Function 'gainCard'
Lines executed:61.54% of 13

Function 'discardCard'
Lines executed:84.62% of 13

Function 'cardEffect'
Lines executed:4.39% of 205

Function 'getCost'
Lines executed:23.33% of 30

Function 'drawCard'
Lines executed:100.00% of 22

Function 'getWinners'
Lines executed:0.00% of 24

Function 'scoreFor'
Lines executed:100.00% of 24

Function 'isGameOver'
Lines executed:100.00% of 10

Function 'endTurn'
Lines executed:100.00% of 20

Function 'whoseTurn'
Lines executed:100.00% of 2

Function 'fullDeckCount'
Lines executed:0.00% of 9

Function 'supplyCount'
Lines executed:100.00% of 2

Function 'handCard'
Lines executed:100.00% of 3

Function 'numHandCards'
Lines executed:100.00% of 2

Function 'buyCard'
Lines executed:76.92% of 13

Function 'playCard'
Lines executed:78.57% of 14

Function 'shuffle'
Lines executed:100.00% of 16

Function 'initializeGame'
Lines executed:93.55% of 62

Function 'kingdomCards'
Lines executed:0.00% of 13

Function 'newGame'
Lines executed:0.00% of 3

Function 'compare'
Lines executed:100.00% of 6

File 'dominion.c'
Lines executed:48.50% of 565
Creating 'dominion.c.gcov'

